<?xml version="1.0" encoding="UTF-8"?>
<!-- Generated by org.testng.reporters.JUnitReportReporter -->
<testsuite hostname="DESKTOP-T4N0LE5" failures="0" tests="1" name="com.inetBanking.testCases.TC_AddCustomertest_003" time="17.622" errors="0" timestamp="2021-11-26T15:12:12 IST" skipped="0">
  <testcase classname="com.inetBanking.testCases.TC_AddCustomertest_003" name="addNewCustomer" time="17.622"/>
  <system-out/>
</testsuite> <!-- com.inetBanking.testCases.TC_AddCustomertest_003 -->
